# JRE version: OpenJDK Runtime Environment (8.0_152-b01) (build 1.8.0_152-release-1343-b01)
# Java VM: OpenJDK 64-Bit Server VM (25.152-b01 mixed mode windows-amd64 compressed oops)
Heap:
 PSYoungGen      total 191488K, used 81681K [0x00000000e0000000, 0x00000000f5c00000, 0x0000000100000000)
  eden space 171008K, 47% used [0x00000000e0000000,0x00000000e4fc46c0,0x00000000ea700000)
  from space 20480K, 0% used [0x00000000ee780000,0x00000000ee780000,0x00000000efb80000)
  to   space 66048K, 0% used [0x00000000ea700000,0x00000000ea700000,0x00000000ee780000)
 ParOldGen       total 204800K, used 56067K [0x00000000a0000000, 0x00000000ac800000, 0x00000000e0000000)
  object space 204800K, 27% used [0x00000000a0000000,0x00000000a36c0ee8,0x00000000ac800000)
 Metaspace       used 94293K, capacity 97480K, committed 98176K, reserved 1134592K
  class space    used 11849K, capacity 12487K, committed 12672K, reserved 1048576K
GC Heap History (10 events):
Event: 4932.446 GC heap before
{Heap before GC invocations=34 (full 6):
 PSYoungGen      total 228864K, used 218541K [0x00000000e0000000, 0x00000000efb80000, 0x0000000100000000)
  eden space 208384K, 100% used [0x00000000e0000000,0x00000000ecb80000,0x00000000ecb80000)
  from space 20480K, 49% used [0x00000000ee780000,0x00000000ef16b568,0x00000000efb80000)
  to   space 24576K, 0% used [0x00000000ecb80000,0x00000000ecb80000,0x00000000ee380000)
 ParOldGen       total 110592K, used 110425K [0x00000000a0000000, 0x00000000a6c00000, 0x00000000e0000000)
  object space 110592K, 99% used [0x00000000a0000000,0x00000000a6bd67c8,0x00000000a6c00000)
 Metaspace       used 94127K, capacity 97324K, committed 97920K, reserved 1134592K
  class space    used 11828K, capacity 12465K, committed 12672K, reserved 1048576K
Event: 4933.219 GC heap after
Heap after GC invocations=34 (full 6):
 PSYoungGen      total 228864K, used 27904K [0x00000000e0000000, 0x00000000efb80000, 0x0000000100000000)
  eden space 208384K, 13% used [0x00000000e0000000,0x00000000e1b400e0,0x00000000ecb80000)
  from space 20480K, 0% used [0x00000000ee780000,0x00000000ee780000,0x00000000efb80000)
  to   space 24576K, 0% used [0x00000000ecb80000,0x00000000ecb80000,0x00000000ee380000)
 ParOldGen       total 110592K, used 110496K [0x00000000a0000000, 0x00000000a6c00000, 0x00000000e0000000)
  object space 110592K, 99% used [0x00000000a0000000,0x00000000a6be8018,0x00000000a6c00000)
 Metaspace       used 94127K, capacity 97324K, committed 97920K, reserved 1134592K
  class space    used 11828K, capacity 12465K, committed 12672K, reserved 1048576K
}
Event: 4934.877 GC heap before
{Heap before GC invocations=35 (full 7):
 PSYoungGen      total 228864K, used 208384K [0x00000000e0000000, 0x00000000efb80000, 0x0000000100000000)
  eden space 208384K, 100% used [0x00000000e0000000,0x00000000ecb80000,0x00000000ecb80000)
  from space 20480K, 0% used [0x00000000ee780000,0x00000000ee780000,0x00000000efb80000)
  to   space 24576K, 0% used [0x00000000ecb80000,0x00000000ecb80000,0x00000000ee380000)
 ParOldGen       total 110592K, used 110496K [0x00000000a0000000, 0x00000000a6c00000, 0x00000000e0000000)
  object space 110592K, 99% used [0x00000000a0000000,0x00000000a6be8018,0x00000000a6c00000)
 Metaspace       used 94187K, capacity 97358K, committed 97920K, reserved 1134592K
  class space    used 11834K, capacity 12472K, committed 12672K, reserved 1048576K
Event: 4935.052 GC heap after
Heap after GC invocations=35 (full 7):
 PSYoungGen      total 228864K, used 0K [0x00000000e0000000, 0x00000000efb80000, 0x0000000100000000)
  eden space 208384K, 0% used [0x00000000e0000000,0x00000000e0000000,0x00000000ecb80000)
  from space 20480K, 0% used [0x00000000ee780000,0x00000000ee780000,0x00000000efb80000)
  to   space 24576K, 0% used [0x00000000ecb80000,0x00000000ecb80000,0x00000000ee380000)
 ParOldGen       total 204800K, used 73251K [0x00000000a0000000, 0x00000000ac800000, 0x00000000e0000000)
  object space 204800K, 35% used [0x00000000a0000000,0x00000000a4788c60,0x00000000ac800000)
 Metaspace       used 94187K, capacity 97358K, committed 97920K, reserved 1134592K
  class space    used 11834K, capacity 12472K, committed 12672K, reserved 1048576K
}
Event: 4936.619 GC heap before
{Heap before GC invocations=36 (full 7):
 PSYoungGen      total 228864K, used 208291K [0x00000000e0000000, 0x00000000efb80000, 0x0000000100000000)
  eden space 208384K, 99% used [0x00000000e0000000,0x00000000ecb68c00,0x00000000ecb80000)
  from space 20480K, 0% used [0x00000000ee780000,0x00000000ee780000,0x00000000efb80000)
  to   space 24576K, 0% used [0x00000000ecb80000,0x00000000ecb80000,0x00000000ee380000)
 ParOldGen       total 204800K, used 73251K [0x00000000a0000000, 0x00000000ac800000, 0x00000000e0000000)
  object space 204800K, 35% used [0x00000000a0000000,0x00000000a4788c60,0x00000000ac800000)
 Metaspace       used 94204K, capacity 97366K, committed 97920K, reserved 1134592K
  class space    used 11834K, capacity 12472K, committed 12672K, reserved 1048576K
Event: 4936.809 GC heap after
Heap after GC invocations=36 (full 7):
 PSYoungGen      total 232960K, used 24570K [0x00000000e0000000, 0x00000000efb80000, 0x0000000100000000)
  eden space 208384K, 0% used [0x00000000e0000000,0x00000000e0000000,0x00000000ecb80000)
  from space 24576K, 99% used [0x00000000ecb80000,0x00000000ee37e800,0x00000000ee380000)
  to   space 20480K, 0% used [0x00000000ee780000,0x00000000ee780000,0x00000000efb80000)
 ParOldGen       total 204800K, used 133881K [0x00000000a0000000, 0x00000000ac800000, 0x00000000e0000000)
  object space 204800K, 65% used [0x00000000a0000000,0x00000000a82be680,0x00000000ac800000)
 Metaspace       used 94204K, capacity 97366K, committed 97920K, reserved 1134592K
  class space    used 11834K, capacity 12472K, committed 12672K, reserved 1048576K
}
Event: 4939.195 GC heap before
{Heap before GC invocations=37 (full 7):
 PSYoungGen      total 232960K, used 228761K [0x00000000e0000000, 0x00000000efb80000, 0x0000000100000000)
  eden space 208384K, 97% used [0x00000000e0000000,0x00000000ec767fc8,0x00000000ecb80000)
  from space 24576K, 99% used [0x00000000ecb80000,0x00000000ee37e800,0x00000000ee380000)
  to   space 20480K, 0% used [0x00000000ee780000,0x00000000ee780000,0x00000000efb80000)
 ParOldGen       total 204800K, used 133881K [0x00000000a0000000, 0x00000000ac800000, 0x00000000e0000000)
  object space 204800K, 65% used [0x00000000a0000000,0x00000000a82be680,0x00000000ac800000)
 Metaspace       used 94259K, capacity 97416K, committed 97920K, reserved 1134592K
  class space    used 11846K, capacity 12487K, committed 12672K, reserved 1048576K
Event: 4939.266 GC heap after
Heap after GC invocations=37 (full 7):
 PSYoungGen      total 191488K, used 20105K [0x00000000e0000000, 0x00000000f5c00000, 0x0000000100000000)
  eden space 171008K, 0% used [0x00000000e0000000,0x00000000e0000000,0x00000000ea700000)
  from space 20480K, 98% used [0x00000000ee780000,0x00000000efb22648,0x00000000efb80000)
  to   space 66048K, 0% used [0x00000000ea700000,0x00000000ea700000,0x00000000ee780000)
 ParOldGen       total 204800K, used 166647K [0x00000000a0000000, 0x00000000ac800000, 0x00000000e0000000)
  object space 204800K, 81% used [0x00000000a0000000,0x00000000aa2bdca8,0x00000000ac800000)
 Metaspace       used 94259K, capacity 97416K, committed 97920K, reserved 1134592K
  class space    used 11846K, capacity 12487K, committed 12672K, reserved 1048576K
}
Event: 4939.266 GC heap before
{Heap before GC invocations=38 (full 8):
 PSYoungGen      total 191488K, used 20105K [0x00000000e0000000, 0x00000000f5c00000, 0x0000000100000000)
  eden space 171008K, 0% used [0x00000000e0000000,0x00000000e0000000,0x00000000ea700000)
  from space 20480K, 98% used [0x00000000ee780000,0x00000000efb22648,0x00000000efb80000)
  to   space 66048K, 0% used [0x00000000ea700000,0x00000000ea700000,0x00000000ee780000)
 ParOldGen       total 204800K, used 166647K [0x00000000a0000000, 0x00000000ac800000, 0x00000000e0000000)
  object space 204800K, 81% used [0x00000000a0000000,0x00000000aa2bdca8,0x00000000ac800000)
 Metaspace       used 94259K, capacity 97416K, committed 97920K, reserved 1134592K
  class space    used 11846K, capacity 12487K, committed 12672K, reserved 1048576K
Event: 4939.383 GC heap after
Heap after GC invocations=38 (full 8):
 PSYoungGen      total 191488K, used 0K [0x00000000e0000000, 0x00000000f5c00000, 0x0000000100000000)
  eden space 171008K, 0% used [0x00000000e0000000,0x00000000e0000000,0x00000000ea700000)
  from space 20480K, 0% used [0x00000000ee780000,0x00000000ee780000,0x00000000efb80000)
  to   space 66048K, 0% used [0x00000000ea700000,0x00000000ea700000,0x00000000ee780000)
 ParOldGen       total 204800K, used 56067K [0x00000000a0000000, 0x00000000ac800000, 0x00000000e0000000)
  object space 204800K, 27% used [0x00000000a0000000,0x00000000a36c0ee8,0x00000000ac800000)
 Metaspace       used 94259K, capacity 97416K, committed 97920K, reserved 1134592K
  class space    used 11846K, capacity 12487K, committed 12672K, reserved 1048576K
}

